<?xml version="1.0" encoding="UTF-8"?>
<!-- Generated by org.testng.reporters.JUnitXMLReporter -->
<testsuite ignored="0" hostname="LAPTOP-B4BJ0FG9" failures="0" tests="33" name="Test" time="627.642" errors="0" timestamp="2022-04-04T11:04:42 IST">
  <testcase classname="com.payroll.testscripts.SigninTest" name="TC_03_forgotPassword" time="8.528"/>
  <testcase classname="com.payroll.testscripts.SigninTest" name="TC_01_correct_Credential" time="9.07"/>
  <testcase classname="com.payroll.testscripts.SigninTest" name="TC_02_wrongCredential" time="7.576"/>
  <testcase classname="com.payroll.testscripts.CompanyTest" name="TC_04" time="4.334"/>
  <testcase classname="com.payroll.testscripts.DashBoardTest" name="TC_05" time="2.917"/>
  <testcase classname="com.payroll.testscripts.ClientTest" name="TC_06_searchForValidClientAndInvalidClientByName_ID" time="6.844"/>
  <testcase classname="com.payroll.testscripts.ClientTest" name="TC_06_searchForValidClientAndInvalidClientByName_ID" time="5.685"/>
  <testcase classname="com.payroll.testscripts.ClientTest" name="TC_07_searchForValidClientAndInvalidClientByName_Only" time="6.209"/>
  <testcase classname="com.payroll.testscripts.ClientTest" name="TC_07_searchForValidClientAndInvalidClientByName_Only" time="5.77"/>
  <testcase classname="com.payroll.testscripts.ClientTest" name="TC_08_createNewUser" time="9.675"/>
  <testcase classname="com.payroll.testscripts.ClientTest" name="TC_09_viewOption" time="5.341"/>
  <testcase classname="com.payroll.testscripts.ClientTest" name="TC_10_editOption" time="6.042"/>
  <testcase classname="com.payroll.testscripts.ClientTest" name="TC_11_pageTitileCheck" time="5.172"/>
  <testcase classname="com.payroll.testscripts.WorkersTest" name="TC_12_search_Worker" time="5.632"/>
  <testcase classname="com.payroll.testscripts.WorkersTest" name="TC_12_search_Worker" time="6.749"/>
  <testcase classname="com.payroll.testscripts.WorkersTest" name="TC_13_create_New_Worker" time="13.428"/>
  <testcase classname="com.payroll.testscripts.WorkersTest" name="TC_14_verify_Mandatoryfield_Submission" time="7.409"/>
  <testcase classname="com.payroll.testscripts.WorkersTest" name="TC_15_view_Worker" time="7.984"/>
  <testcase classname="com.payroll.testscripts.WorkersTest" name="TC_16_view_Worker_Bankdeatils" time="11.028"/>
  <testcase classname="com.payroll.testscripts.WorkersTest" name="TC_17_view_Worker_Payslip_History" time="11.973"/>
  <testcase classname="com.payroll.testscripts.WorkersTest" name="TC_18_view_Worker_Timesheet_History" time="10.332"/>
  <testcase classname="com.payroll.testscripts.WorkersTest" name="TC_19_view_Worker_Deduction_History" time="10.728"/>
  <testcase classname="com.payroll.testscripts.WorkersTest" name="TC_20_view_Worker_Rate" time="11.284"/>
  <testcase classname="com.payroll.testscripts.WorkersTest" name="TC_21_edit_Worker_details" time="10.015"/>
  <testcase classname="com.payroll.testscripts.DeductionTest" name="TC_22_view_Deduction" time="5.395"/>
  <testcase classname="com.payroll.testscripts.DeductionTest" name="TC_23_edit_Deduction" time="7.751"/>
  <testcase classname="com.payroll.testscripts.DeductionTest" name="TC_24_add_Deduction" time="7.684"/>
  <testcase classname="com.payroll.testscripts.InvoiceTest" name="TC_25_invoice" time="4.37"/>
  <testcase classname="com.payroll.testscripts.PaySlipTest" name="TC_26_payslipscreate" time="4.983"/>
  <testcase classname="com.payroll.testscripts.PaySlipTest" name="TC_27_download_Payslip" time="7.099"/>
  <testcase classname="com.payroll.testscripts.ReportTest" name="TC_28_report_Page_Verification" time="6.983"/>
  <testcase classname="com.payroll.testscripts.ReportTest" name="TC_29_view_PayReport" time="7.31"/>
  <testcase classname="com.payroll.testscripts.ReportTest" name="TC_30_view_Company_Performance" time="10.329"/>
</testsuite> <!-- Test -->
